<?xml version="1.0" encoding="UTF-8"?>
<coverage generated="1550036114140" clover="3.2.0">
  <project timestamp="1550036114140" name="All files">
    <metrics statements="82" coveredstatements="72" conditionals="35" coveredconditionals="24" methods="25" coveredmethods="19" elements="142" coveredelements="115" complexity="0" loc="82" ncloc="82" packages="2" files="3" classes="3">
      <package name="src">
        <metrics statements="11" coveredstatements="5" conditionals="10" coveredconditionals="5" methods="9" coveredmethods="3"/>
        <file name="Comparator.js" path="/mnt/e/code-machina/daily-algo/src/Comparator.js">
          <metrics statements="11" coveredstatements="5" conditionals="10" coveredconditionals="5" methods="9" coveredmethods="3"/>
          <line num="7" count="11" type="cond" truecount="2" falsecount="0"/>
          <line num="17" count="16" type="cond" truecount="2" falsecount="0"/>
          <line num="18" count="5" type="stmt"/>
          <line num="21" count="11" type="cond" truecount="1" falsecount="1"/>
          <line num="31" count="16" type="stmt"/>
          <line num="41" count="0" type="stmt"/>
          <line num="51" count="0" type="stmt"/>
          <line num="61" count="0" type="cond" truecount="0" falsecount="2"/>
          <line num="71" count="0" type="cond" truecount="0" falsecount="2"/>
          <line num="78" count="0" type="stmt"/>
          <line num="79" count="0" type="stmt"/>
        </file>
      </package>
      <package name="src.linked-list">
        <metrics statements="71" coveredstatements="67" conditionals="25" coveredconditionals="19" methods="16" coveredmethods="16"/>
        <file name="LinkNode.js" path="/mnt/e/code-machina/daily-algo/src/linked-list/LinkNode.js">
          <metrics statements="3" coveredstatements="3" conditionals="3" coveredconditionals="2" methods="2" coveredmethods="2"/>
          <line num="3" count="53" type="stmt"/>
          <line num="4" count="53" type="stmt"/>
          <line num="8" count="1" type="cond" truecount="1" falsecount="1"/>
        </file>
        <file name="LinkedList.js" path="/mnt/e/code-machina/daily-algo/src/linked-list/LinkedList.js">
          <metrics statements="68" coveredstatements="64" conditionals="22" coveredconditionals="17" methods="14" coveredmethods="14"/>
          <line num="6" count="11" type="stmt"/>
          <line num="7" count="11" type="stmt"/>
          <line num="9" count="11" type="stmt"/>
          <line num="17" count="52" type="stmt"/>
          <line num="18" count="52" type="cond" truecount="2" falsecount="0"/>
          <line num="19" count="10" type="stmt"/>
          <line num="20" count="10" type="stmt"/>
          <line num="22" count="42" type="stmt"/>
          <line num="23" count="42" type="stmt"/>
          <line num="26" count="52" type="stmt"/>
          <line num="34" count="1" type="stmt"/>
          <line num="35" count="1" type="cond" truecount="1" falsecount="1"/>
          <line num="36" count="0" type="stmt"/>
          <line num="38" count="1" type="stmt"/>
          <line num="40" count="1" type="stmt"/>
          <line num="47" count="1" type="cond" truecount="1" falsecount="1"/>
          <line num="48" count="1" type="stmt"/>
          <line num="50" count="1" type="stmt"/>
          <line num="51" count="5" type="cond" truecount="2" falsecount="0"/>
          <line num="52" count="1" type="stmt"/>
          <line num="54" count="4" type="stmt"/>
          <line num="56" count="1" type="stmt"/>
          <line num="60" count="2" type="stmt"/>
          <line num="68" count="1" type="stmt"/>
          <line num="69" count="1" type="stmt"/>
          <line num="71" count="1" type="stmt"/>
          <line num="73" count="1" type="stmt"/>
          <line num="74" count="6" type="stmt"/>
          <line num="75" count="6" type="stmt"/>
          <line num="76" count="6" type="stmt"/>
          <line num="77" count="6" type="stmt"/>
          <line num="89" count="1" type="stmt"/>
          <line num="90" count="1" type="stmt"/>
          <line num="92" count="1" type="stmt"/>
          <line num="99" count="12" type="stmt"/>
          <line num="100" count="12" type="stmt"/>
          <line num="101" count="12" type="stmt"/>
          <line num="102" count="46" type="stmt"/>
          <line num="103" count="46" type="stmt"/>
          <line num="106" count="12" type="stmt"/>
          <line num="110" count="6" type="stmt"/>
          <line num="111" count="1" type="stmt"/>
          <line num="115" count="1" type="cond" truecount="1" falsecount="1"/>
          <line num="117" count="1" type="stmt"/>
          <line num="118" count="1" type="cond" truecount="1" falsecount="1"/>
          <line num="119" count="1" type="stmt"/>
          <line num="121" count="0" type="stmt"/>
          <line num="122" count="0" type="stmt"/>
          <line num="124" count="1" type="stmt"/>
          <line num="133" count="5" type="cond" truecount="1" falsecount="1"/>
          <line num="134" count="0" type="stmt"/>
          <line num="136" count="5" type="stmt"/>
          <line num="138" count="5" type="stmt"/>
          <line num="139" count="12" type="cond" truecount="4" falsecount="0"/>
          <line num="140" count="1" type="stmt"/>
          <line num="141" count="1" type="stmt"/>
          <line num="142" count="11" type="cond" truecount="2" falsecount="0"/>
          <line num="143" count="4" type="stmt"/>
          <line num="144" count="4" type="cond" truecount="2" falsecount="0"/>
          <line num="145" count="1" type="stmt"/>
          <line num="147" count="3" type="stmt"/>
          <line num="149" count="4" type="stmt"/>
          <line num="150" count="4" type="stmt"/>
          <line num="153" count="7" type="stmt"/>
          <line num="156" count="5" type="stmt"/>
          <line num="160" count="7" type="stmt"/>
          <line num="161" count="37" type="stmt"/>
          <line num="162" count="7" type="stmt"/>
        </file>
      </package>
    </metrics>
  </project>
</coverage>
