<?xml version="1.0" encoding="UTF-8"?>
<coverage generated="1550176526269" clover="3.2.0">
  <project timestamp="1550176526269" name="All files">
    <metrics statements="102" coveredstatements="90" conditionals="51" coveredconditionals="39" methods="27" coveredmethods="21" elements="180" coveredelements="150" complexity="0" loc="102" ncloc="102" packages="2" files="3" classes="3">
      <package name="src">
        <metrics statements="11" coveredstatements="5" conditionals="10" coveredconditionals="6" methods="9" coveredmethods="3"/>
        <file name="Comparator.js" path="/mnt/c/Users/gbkim/Documents/daily-algo/src/Comparator.js">
          <metrics statements="11" coveredstatements="5" conditionals="10" coveredconditionals="6" methods="9" coveredmethods="3"/>
          <line num="7" count="14" type="cond" truecount="2" falsecount="0"/>
          <line num="17" count="21" type="cond" truecount="2" falsecount="0"/>
          <line num="18" count="6" type="stmt"/>
          <line num="21" count="15" type="cond" truecount="2" falsecount="0"/>
          <line num="31" count="21" type="stmt"/>
          <line num="41" count="0" type="stmt"/>
          <line num="51" count="0" type="stmt"/>
          <line num="61" count="0" type="cond" truecount="0" falsecount="2"/>
          <line num="71" count="0" type="cond" truecount="0" falsecount="2"/>
          <line num="78" count="0" type="stmt"/>
          <line num="79" count="0" type="stmt"/>
        </file>
      </package>
      <package name="src.linked-list">
        <metrics statements="91" coveredstatements="85" conditionals="41" coveredconditionals="33" methods="18" coveredmethods="18"/>
        <file name="LinkNode.js" path="/mnt/c/Users/gbkim/Documents/daily-algo/src/linked-list/LinkNode.js">
          <metrics statements="3" coveredstatements="3" conditionals="3" coveredconditionals="2" methods="2" coveredmethods="2"/>
          <line num="3" count="71" type="stmt"/>
          <line num="4" count="71" type="stmt"/>
          <line num="8" count="1" type="cond" truecount="1" falsecount="1"/>
        </file>
        <file name="LinkedList.js" path="/mnt/c/Users/gbkim/Documents/daily-algo/src/linked-list/LinkedList.js">
          <metrics statements="88" coveredstatements="82" conditionals="38" coveredconditionals="31" methods="16" coveredmethods="16"/>
          <line num="6" count="14" type="stmt"/>
          <line num="7" count="14" type="stmt"/>
          <line num="9" count="14" type="stmt"/>
          <line num="17" count="70" type="stmt"/>
          <line num="18" count="70" type="cond" truecount="2" falsecount="0"/>
          <line num="19" count="13" type="stmt"/>
          <line num="20" count="13" type="stmt"/>
          <line num="22" count="57" type="stmt"/>
          <line num="23" count="57" type="stmt"/>
          <line num="26" count="70" type="stmt"/>
          <line num="34" count="1" type="stmt"/>
          <line num="35" count="1" type="cond" truecount="1" falsecount="1"/>
          <line num="36" count="0" type="stmt"/>
          <line num="38" count="1" type="stmt"/>
          <line num="40" count="1" type="stmt"/>
          <line num="47" count="1" type="cond" truecount="1" falsecount="1"/>
          <line num="48" count="1" type="stmt"/>
          <line num="50" count="1" type="stmt"/>
          <line num="51" count="5" type="cond" truecount="2" falsecount="0"/>
          <line num="52" count="1" type="stmt"/>
          <line num="54" count="4" type="stmt"/>
          <line num="56" count="1" type="stmt"/>
          <line num="60" count="2" type="stmt"/>
          <line num="68" count="1" type="stmt"/>
          <line num="69" count="1" type="stmt"/>
          <line num="71" count="1" type="stmt"/>
          <line num="73" count="1" type="stmt"/>
          <line num="74" count="6" type="stmt"/>
          <line num="75" count="6" type="stmt"/>
          <line num="76" count="6" type="stmt"/>
          <line num="77" count="6" type="stmt"/>
          <line num="89" count="1" type="stmt"/>
          <line num="90" count="1" type="stmt"/>
          <line num="92" count="1" type="stmt"/>
          <line num="99" count="12" type="stmt"/>
          <line num="100" count="12" type="stmt"/>
          <line num="101" count="12" type="stmt"/>
          <line num="102" count="46" type="stmt"/>
          <line num="103" count="46" type="stmt"/>
          <line num="106" count="12" type="stmt"/>
          <line num="110" count="24" type="stmt"/>
          <line num="111" count="4" type="stmt"/>
          <line num="115" count="1" type="cond" truecount="1" falsecount="1"/>
          <line num="116" count="1" type="stmt"/>
          <line num="117" count="1" type="stmt"/>
          <line num="118" count="1" type="stmt"/>
          <line num="120" count="5" type="cond" truecount="2" falsecount="0"/>
          <line num="122" count="1" type="stmt"/>
          <line num="124" count="1" type="stmt"/>
          <line num="125" count="1" type="stmt"/>
          <line num="126" count="1" type="stmt"/>
          <line num="128" count="4" type="stmt"/>
          <line num="130" count="0" type="stmt"/>
          <line num="134" count="1" type="cond" truecount="1" falsecount="1"/>
          <line num="136" count="1" type="stmt"/>
          <line num="137" count="1" type="cond" truecount="1" falsecount="1"/>
          <line num="138" count="1" type="stmt"/>
          <line num="140" count="0" type="stmt"/>
          <line num="141" count="0" type="stmt"/>
          <line num="143" count="1" type="stmt"/>
          <line num="152" count="5" type="cond" truecount="1" falsecount="1"/>
          <line num="153" count="0" type="stmt"/>
          <line num="155" count="5" type="stmt"/>
          <line num="157" count="5" type="stmt"/>
          <line num="158" count="12" type="cond" truecount="4" falsecount="0"/>
          <line num="159" count="1" type="stmt"/>
          <line num="160" count="1" type="stmt"/>
          <line num="161" count="11" type="cond" truecount="2" falsecount="0"/>
          <line num="162" count="4" type="stmt"/>
          <line num="163" count="4" type="cond" truecount="2" falsecount="0"/>
          <line num="164" count="1" type="stmt"/>
          <line num="166" count="3" type="stmt"/>
          <line num="168" count="4" type="stmt"/>
          <line num="169" count="4" type="stmt"/>
          <line num="172" count="7" type="stmt"/>
          <line num="175" count="5" type="stmt"/>
          <line num="179" count="2" type="cond" truecount="1" falsecount="1"/>
          <line num="180" count="2" type="stmt"/>
          <line num="182" count="2" type="stmt"/>
          <line num="183" count="10" type="cond" truecount="4" falsecount="0"/>
          <line num="184" count="1" type="stmt"/>
          <line num="187" count="9" type="cond" truecount="4" falsecount="0"/>
          <line num="188" count="1" type="stmt"/>
          <line num="191" count="8" type="stmt"/>
          <line num="194" count="0" type="stmt"/>
          <line num="198" count="7" type="stmt"/>
          <line num="199" count="37" type="stmt"/>
          <line num="200" count="7" type="stmt"/>
        </file>
      </package>
    </metrics>
  </project>
</coverage>
