{"/mnt/e/code-machina/daily-algo/src/Comparator.js": {"path":"/mnt/e/code-machina/daily-algo/src/Comparator.js","statementMap":{"0":{"start":{"line":7,"column":4},"end":{"line":7,"column":72}},"1":{"start":{"line":17,"column":4},"end":{"line":19,"column":5}},"2":{"start":{"line":18,"column":6},"end":{"line":18,"column":15}},"3":{"start":{"line":21,"column":4},"end":{"line":21,"column":26}},"4":{"start":{"line":31,"column":4},"end":{"line":31,"column":36}},"5":{"start":{"line":41,"column":4},"end":{"line":41,"column":34}},"6":{"start":{"line":51,"column":4},"end":{"line":51,"column":34}},"7":{"start":{"line":61,"column":4},"end":{"line":61,"column":51}},"8":{"start":{"line":71,"column":4},"end":{"line":71,"column":54}},"9":{"start":{"line":78,"column":28},"end":{"line":78,"column":40}},"10":{"start":{"line":79,"column":4},"end":{"line":79,"column":51}},"11":{"start":{"line":79,"column":29},"end":{"line":79,"column":50}}},"fnMap":{"0":{"name":"(anonymous_0)","decl":{"start":{"line":6,"column":2},"end":{"line":6,"column":3}},"loc":{"start":{"line":6,"column":31},"end":{"line":8,"column":3}},"line":6},"1":{"name":"(anonymous_1)","decl":{"start":{"line":16,"column":2},"end":{"line":16,"column":3}},"loc":{"start":{"line":16,"column":38},"end":{"line":22,"column":3}},"line":16},"2":{"name":"(anonymous_2)","decl":{"start":{"line":30,"column":2},"end":{"line":30,"column":3}},"loc":{"start":{"line":30,"column":14},"end":{"line":32,"column":3}},"line":30},"3":{"name":"(anonymous_3)","decl":{"start":{"line":40,"column":2},"end":{"line":40,"column":3}},"loc":{"start":{"line":40,"column":17},"end":{"line":42,"column":3}},"line":40},"4":{"name":"(anonymous_4)","decl":{"start":{"line":50,"column":2},"end":{"line":50,"column":3}},"loc":{"start":{"line":50,"column":20},"end":{"line":52,"column":3}},"line":50},"5":{"name":"(anonymous_5)","decl":{"start":{"line":60,"column":2},"end":{"line":60,"column":3}},"loc":{"start":{"line":60,"column":24},"end":{"line":62,"column":3}},"line":60},"6":{"name":"(anonymous_6)","decl":{"start":{"line":70,"column":2},"end":{"line":70,"column":3}},"loc":{"start":{"line":70,"column":27},"end":{"line":72,"column":3}},"line":70},"7":{"name":"(anonymous_7)","decl":{"start":{"line":77,"column":2},"end":{"line":77,"column":3}},"loc":{"start":{"line":77,"column":12},"end":{"line":80,"column":3}},"line":77},"8":{"name":"(anonymous_8)","decl":{"start":{"line":79,"column":19},"end":{"line":79,"column":20}},"loc":{"start":{"line":79,"column":29},"end":{"line":79,"column":50}},"line":79}},"branchMap":{"0":{"loc":{"start":{"line":7,"column":19},"end":{"line":7,"column":71}},"type":"binary-expr","locations":[{"start":{"line":7,"column":19},"end":{"line":7,"column":34}},{"start":{"line":7,"column":38},"end":{"line":7,"column":71}}],"line":7},"1":{"loc":{"start":{"line":17,"column":4},"end":{"line":19,"column":5}},"type":"if","locations":[{"start":{"line":17,"column":4},"end":{"line":19,"column":5}},{"start":{"line":17,"column":4},"end":{"line":19,"column":5}}],"line":17},"2":{"loc":{"start":{"line":21,"column":11},"end":{"line":21,"column":25}},"type":"cond-expr","locations":[{"start":{"line":21,"column":19},"end":{"line":21,"column":21}},{"start":{"line":21,"column":24},"end":{"line":21,"column":25}}],"line":21},"3":{"loc":{"start":{"line":61,"column":11},"end":{"line":61,"column":50}},"type":"binary-expr","locations":[{"start":{"line":61,"column":11},"end":{"line":61,"column":30}},{"start":{"line":61,"column":34},"end":{"line":61,"column":50}}],"line":61},"4":{"loc":{"start":{"line":71,"column":11},"end":{"line":71,"column":53}},"type":"binary-expr","locations":[{"start":{"line":71,"column":11},"end":{"line":71,"column":33}},{"start":{"line":71,"column":37},"end":{"line":71,"column":53}}],"line":71}},"s":{"0":11,"1":16,"2":5,"3":11,"4":16,"5":0,"6":0,"7":0,"8":0,"9":0,"10":0,"11":0},"f":{"0":11,"1":16,"2":16,"3":0,"4":0,"5":0,"6":0,"7":0,"8":0},"b":{"0":[11,11],"1":[5,11],"2":[0,11],"3":[0,0],"4":[0,0]},"_coverageSchema":"332fd63041d2c1bcb487cc26dd0d5f7d97098a6c","hash":"b105dfbbab7cce1cbf411c7dd4c4ac514dd1f859"}
,"/mnt/e/code-machina/daily-algo/src/linked-list/LinkNode.js": {"path":"/mnt/e/code-machina/daily-algo/src/linked-list/LinkNode.js","statementMap":{"0":{"start":{"line":3,"column":4},"end":{"line":3,"column":23}},"1":{"start":{"line":4,"column":4},"end":{"line":4,"column":21}},"2":{"start":{"line":8,"column":4},"end":{"line":8,"column":61}}},"fnMap":{"0":{"name":"(anonymous_0)","decl":{"start":{"line":2,"column":2},"end":{"line":2,"column":3}},"loc":{"start":{"line":2,"column":34},"end":{"line":5,"column":3}},"line":2},"1":{"name":"(anonymous_1)","decl":{"start":{"line":7,"column":2},"end":{"line":7,"column":3}},"loc":{"start":{"line":7,"column":21},"end":{"line":9,"column":3}},"line":7}},"branchMap":{"0":{"loc":{"start":{"line":2,"column":21},"end":{"line":2,"column":32}},"type":"default-arg","locations":[{"start":{"line":2,"column":28},"end":{"line":2,"column":32}}],"line":2},"1":{"loc":{"start":{"line":8,"column":11},"end":{"line":8,"column":60}},"type":"cond-expr","locations":[{"start":{"line":8,"column":22},"end":{"line":8,"column":42}},{"start":{"line":8,"column":45},"end":{"line":8,"column":60}}],"line":8}},"s":{"0":53,"1":53,"2":1},"f":{"0":53,"1":1},"b":{"0":[52],"1":[0,1]},"_coverageSchema":"332fd63041d2c1bcb487cc26dd0d5f7d97098a6c","hash":"78aa1c0109c1fd6624acf57f0f143b61dc21401f"}
,"/mnt/e/code-machina/daily-algo/src/linked-list/LinkedList.js": {"path":"/mnt/e/code-machina/daily-algo/src/linked-list/LinkedList.js","statementMap":{"0":{"start":{"line":6,"column":4},"end":{"line":6,"column":21}},"1":{"start":{"line":7,"column":4},"end":{"line":7,"column":21}},"2":{"start":{"line":9,"column":4},"end":{"line":9,"column":54}},"3":{"start":{"line":17,"column":14},"end":{"line":17,"column":33}},"4":{"start":{"line":18,"column":4},"end":{"line":24,"column":5}},"5":{"start":{"line":19,"column":6},"end":{"line":19,"column":20}},"6":{"start":{"line":20,"column":6},"end":{"line":20,"column":20}},"7":{"start":{"line":22,"column":6},"end":{"line":22,"column":25}},"8":{"start":{"line":23,"column":6},"end":{"line":23,"column":20}},"9":{"start":{"line":26,"column":4},"end":{"line":26,"column":16}},"10":{"start":{"line":34,"column":14},"end":{"line":34,"column":44}},"11":{"start":{"line":35,"column":4},"end":{"line":39,"column":5}},"12":{"start":{"line":36,"column":6},"end":{"line":36,"column":25}},"13":{"start":{"line":38,"column":6},"end":{"line":38,"column":20}},"14":{"start":{"line":40,"column":4},"end":{"line":40,"column":16}},"15":{"start":{"line":47,"column":4},"end":{"line":47,"column":32}},"16":{"start":{"line":47,"column":20},"end":{"line":47,"column":32}},"17":{"start":{"line":48,"column":22},"end":{"line":48,"column":31}},"18":{"start":{"line":50,"column":4},"end":{"line":55,"column":5}},"19":{"start":{"line":51,"column":6},"end":{"line":53,"column":7}},"20":{"start":{"line":52,"column":8},"end":{"line":52,"column":14}},"21":{"start":{"line":54,"column":6},"end":{"line":54,"column":37}},"22":{"start":{"line":56,"column":4},"end":{"line":56,"column":23}},"23":{"start":{"line":60,"column":4},"end":{"line":60,"column":68}},"24":{"start":{"line":60,"column":35},"end":{"line":60,"column":55}},"25":{"start":{"line":68,"column":19},"end":{"line":68,"column":28}},"26":{"start":{"line":69,"column":19},"end":{"line":69,"column":23}},"27":{"start":{"line":71,"column":19},"end":{"line":71,"column":23}},"28":{"start":{"line":73,"column":4},"end":{"line":78,"column":5}},"29":{"start":{"line":74,"column":6},"end":{"line":74,"column":31}},"30":{"start":{"line":75,"column":6},"end":{"line":75,"column":31}},"31":{"start":{"line":76,"column":6},"end":{"line":76,"column":26}},"32":{"start":{"line":77,"column":6},"end":{"line":77,"column":26}},"33":{"start":{"line":89,"column":4},"end":{"line":89,"column":26}},"34":{"start":{"line":90,"column":4},"end":{"line":90,"column":25}},"35":{"start":{"line":92,"column":4},"end":{"line":92,"column":16}},"36":{"start":{"line":99,"column":18},"end":{"line":99,"column":20}},"37":{"start":{"line":100,"column":22},"end":{"line":100,"column":31}},"38":{"start":{"line":101,"column":4},"end":{"line":104,"column":5}},"39":{"start":{"line":102,"column":6},"end":{"line":102,"column":30}},"40":{"start":{"line":103,"column":6},"end":{"line":103,"column":37}},"41":{"start":{"line":106,"column":4},"end":{"line":106,"column":17}},"42":{"start":{"line":110,"column":4},"end":{"line":110,"column":48}},"43":{"start":{"line":110,"column":28},"end":{"line":110,"column":46}},"44":{"start":{"line":111,"column":4},"end":{"line":111,"column":16}},"45":{"start":{"line":115,"column":4},"end":{"line":115,"column":32}},"46":{"start":{"line":115,"column":20},"end":{"line":115,"column":32}},"47":{"start":{"line":117,"column":24},"end":{"line":117,"column":33}},"48":{"start":{"line":118,"column":4},"end":{"line":123,"column":5}},"49":{"start":{"line":119,"column":6},"end":{"line":119,"column":33}},"50":{"start":{"line":121,"column":6},"end":{"line":121,"column":23}},"51":{"start":{"line":122,"column":6},"end":{"line":122,"column":23}},"52":{"start":{"line":124,"column":4},"end":{"line":124,"column":23}},"53":{"start":{"line":133,"column":4},"end":{"line":135,"column":5}},"54":{"start":{"line":134,"column":6},"end":{"line":134,"column":18}},"55":{"start":{"line":136,"column":21},"end":{"line":136,"column":30}},"56":{"start":{"line":138,"column":4},"end":{"line":154,"column":5}},"57":{"start":{"line":139,"column":6},"end":{"line":151,"column":7}},"58":{"start":{"line":140,"column":8},"end":{"line":140,"column":35}},"59":{"start":{"line":141,"column":8},"end":{"line":141,"column":14}},"60":{"start":{"line":142,"column":13},"end":{"line":151,"column":7}},"61":{"start":{"line":143,"column":20},"end":{"line":143,"column":35}},"62":{"start":{"line":144,"column":8},"end":{"line":148,"column":9}},"63":{"start":{"line":145,"column":10},"end":{"line":145,"column":33}},"64":{"start":{"line":147,"column":10},"end":{"line":147,"column":49}},"65":{"start":{"line":149,"column":8},"end":{"line":149,"column":25}},"66":{"start":{"line":150,"column":8},"end":{"line":150,"column":14}},"67":{"start":{"line":153,"column":6},"end":{"line":153,"column":35}},"68":{"start":{"line":156,"column":4},"end":{"line":156,"column":22}},"69":{"start":{"line":160,"column":21},"end":{"line":160,"column":23}},"70":{"start":{"line":161,"column":4},"end":{"line":161,"column":56}},"71":{"start":{"line":161,"column":32},"end":{"line":161,"column":54}},"72":{"start":{"line":162,"column":4},"end":{"line":162,"column":20}}},"fnMap":{"0":{"name":"(anonymous_0)","decl":{"start":{"line":5,"column":2},"end":{"line":5,"column":3}},"loc":{"start":{"line":5,"column":34},"end":{"line":10,"column":3}},"line":5},"1":{"name":"(anonymous_1)","decl":{"start":{"line":16,"column":2},"end":{"line":16,"column":3}},"loc":{"start":{"line":16,"column":16},"end":{"line":27,"column":3}},"line":16},"2":{"name":"(anonymous_2)","decl":{"start":{"line":33,"column":2},"end":{"line":33,"column":3}},"loc":{"start":{"line":33,"column":17},"end":{"line":41,"column":3}},"line":33},"3":{"name":"(anonymous_3)","decl":{"start":{"line":46,"column":2},"end":{"line":46,"column":3}},"loc":{"start":{"line":46,"column":16},"end":{"line":57,"column":3}},"line":46},"4":{"name":"(anonymous_4)","decl":{"start":{"line":59,"column":2},"end":{"line":59,"column":3}},"loc":{"start":{"line":59,"column":21},"end":{"line":61,"column":3}},"line":59},"5":{"name":"(anonymous_5)","decl":{"start":{"line":60,"column":30},"end":{"line":60,"column":31}},"loc":{"start":{"line":60,"column":35},"end":{"line":60,"column":55}},"line":60},"6":{"name":"(anonymous_6)","decl":{"start":{"line":63,"column":2},"end":{"line":63,"column":3}},"loc":{"start":{"line":63,"column":12},"end":{"line":93,"column":3}},"line":63},"7":{"name":"(anonymous_7)","decl":{"start":{"line":98,"column":2},"end":{"line":98,"column":3}},"loc":{"start":{"line":98,"column":12},"end":{"line":107,"column":3}},"line":98},"8":{"name":"(anonymous_8)","decl":{"start":{"line":109,"column":2},"end":{"line":109,"column":3}},"loc":{"start":{"line":109,"column":20},"end":{"line":112,"column":3}},"line":109},"9":{"name":"(anonymous_9)","decl":{"start":{"line":110,"column":19},"end":{"line":110,"column":20}},"loc":{"start":{"line":110,"column":28},"end":{"line":110,"column":46}},"line":110},"10":{"name":"(anonymous_10)","decl":{"start":{"line":114,"column":2},"end":{"line":114,"column":3}},"loc":{"start":{"line":114,"column":15},"end":{"line":125,"column":3}},"line":114},"11":{"name":"(anonymous_11)","decl":{"start":{"line":132,"column":2},"end":{"line":132,"column":3}},"loc":{"start":{"line":132,"column":16},"end":{"line":157,"column":3}},"line":132},"12":{"name":"(anonymous_12)","decl":{"start":{"line":159,"column":2},"end":{"line":159,"column":3}},"loc":{"start":{"line":159,"column":11},"end":{"line":163,"column":3}},"line":159},"13":{"name":"(anonymous_13)","decl":{"start":{"line":161,"column":27},"end":{"line":161,"column":28}},"loc":{"start":{"line":161,"column":32},"end":{"line":161,"column":54}},"line":161}},"branchMap":{"0":{"loc":{"start":{"line":18,"column":4},"end":{"line":24,"column":5}},"type":"if","locations":[{"start":{"line":18,"column":4},"end":{"line":24,"column":5}},{"start":{"line":18,"column":4},"end":{"line":24,"column":5}}],"line":18},"1":{"loc":{"start":{"line":35,"column":4},"end":{"line":39,"column":5}},"type":"if","locations":[{"start":{"line":35,"column":4},"end":{"line":39,"column":5}},{"start":{"line":35,"column":4},"end":{"line":39,"column":5}}],"line":35},"2":{"loc":{"start":{"line":47,"column":4},"end":{"line":47,"column":32}},"type":"if","locations":[{"start":{"line":47,"column":4},"end":{"line":47,"column":32}},{"start":{"line":47,"column":4},"end":{"line":47,"column":32}}],"line":47},"3":{"loc":{"start":{"line":51,"column":6},"end":{"line":53,"column":7}},"type":"if","locations":[{"start":{"line":51,"column":6},"end":{"line":53,"column":7}},{"start":{"line":51,"column":6},"end":{"line":53,"column":7}}],"line":51},"4":{"loc":{"start":{"line":115,"column":4},"end":{"line":115,"column":32}},"type":"if","locations":[{"start":{"line":115,"column":4},"end":{"line":115,"column":32}},{"start":{"line":115,"column":4},"end":{"line":115,"column":32}}],"line":115},"5":{"loc":{"start":{"line":118,"column":4},"end":{"line":123,"column":5}},"type":"if","locations":[{"start":{"line":118,"column":4},"end":{"line":123,"column":5}},{"start":{"line":118,"column":4},"end":{"line":123,"column":5}}],"line":118},"6":{"loc":{"start":{"line":133,"column":4},"end":{"line":135,"column":5}},"type":"if","locations":[{"start":{"line":133,"column":4},"end":{"line":135,"column":5}},{"start":{"line":133,"column":4},"end":{"line":135,"column":5}}],"line":133},"7":{"loc":{"start":{"line":139,"column":6},"end":{"line":151,"column":7}},"type":"if","locations":[{"start":{"line":139,"column":6},"end":{"line":151,"column":7}},{"start":{"line":139,"column":6},"end":{"line":151,"column":7}}],"line":139},"8":{"loc":{"start":{"line":139,"column":10},"end":{"line":139,"column":81}},"type":"binary-expr","locations":[{"start":{"line":139,"column":10},"end":{"line":139,"column":34}},{"start":{"line":139,"column":38},"end":{"line":139,"column":81}}],"line":139},"9":{"loc":{"start":{"line":142,"column":13},"end":{"line":151,"column":7}},"type":"if","locations":[{"start":{"line":142,"column":13},"end":{"line":151,"column":7}},{"start":{"line":142,"column":13},"end":{"line":151,"column":7}}],"line":142},"10":{"loc":{"start":{"line":144,"column":8},"end":{"line":148,"column":9}},"type":"if","locations":[{"start":{"line":144,"column":8},"end":{"line":148,"column":9}},{"start":{"line":144,"column":8},"end":{"line":148,"column":9}}],"line":144}},"s":{"0":11,"1":11,"2":11,"3":52,"4":52,"5":10,"6":10,"7":42,"8":42,"9":52,"10":1,"11":1,"12":0,"13":1,"14":1,"15":1,"16":0,"17":1,"18":1,"19":5,"20":1,"21":4,"22":1,"23":2,"24":1,"25":1,"26":1,"27":1,"28":1,"29":6,"30":6,"31":6,"32":6,"33":1,"34":1,"35":1,"36":12,"37":12,"38":12,"39":46,"40":46,"41":12,"42":1,"43":6,"44":1,"45":1,"46":0,"47":1,"48":1,"49":1,"50":0,"51":0,"52":1,"53":5,"54":0,"55":5,"56":5,"57":12,"58":1,"59":1,"60":11,"61":4,"62":4,"63":1,"64":3,"65":4,"66":4,"67":7,"68":5,"69":7,"70":7,"71":37,"72":7},"f":{"0":11,"1":52,"2":1,"3":1,"4":2,"5":1,"6":1,"7":12,"8":1,"9":6,"10":1,"11":5,"12":7,"13":37},"b":{"0":[10,42],"1":[0,1],"2":[0,1],"3":[1,4],"4":[0,1],"5":[1,0],"6":[0,5],"7":[1,11],"8":[12,5],"9":[4,7],"10":[1,3]},"_coverageSchema":"332fd63041d2c1bcb487cc26dd0d5f7d97098a6c","hash":"86f4da8ac723c36af3489b24c3544bd73e349c07"}
}
