{"/mnt/c/Users/gbkim/Documents/daily-algo/src/Comparator.js": {"path":"/mnt/c/Users/gbkim/Documents/daily-algo/src/Comparator.js","statementMap":{"0":{"start":{"line":7,"column":4},"end":{"line":7,"column":72}},"1":{"start":{"line":17,"column":4},"end":{"line":19,"column":5}},"2":{"start":{"line":18,"column":6},"end":{"line":18,"column":15}},"3":{"start":{"line":21,"column":4},"end":{"line":21,"column":26}},"4":{"start":{"line":31,"column":4},"end":{"line":31,"column":36}},"5":{"start":{"line":41,"column":4},"end":{"line":41,"column":34}},"6":{"start":{"line":51,"column":4},"end":{"line":51,"column":34}},"7":{"start":{"line":61,"column":4},"end":{"line":61,"column":51}},"8":{"start":{"line":71,"column":4},"end":{"line":71,"column":54}},"9":{"start":{"line":78,"column":28},"end":{"line":78,"column":40}},"10":{"start":{"line":79,"column":4},"end":{"line":79,"column":51}},"11":{"start":{"line":79,"column":29},"end":{"line":79,"column":50}}},"fnMap":{"0":{"name":"(anonymous_0)","decl":{"start":{"line":6,"column":2},"end":{"line":6,"column":3}},"loc":{"start":{"line":6,"column":31},"end":{"line":8,"column":3}},"line":6},"1":{"name":"(anonymous_1)","decl":{"start":{"line":16,"column":2},"end":{"line":16,"column":3}},"loc":{"start":{"line":16,"column":38},"end":{"line":22,"column":3}},"line":16},"2":{"name":"(anonymous_2)","decl":{"start":{"line":30,"column":2},"end":{"line":30,"column":3}},"loc":{"start":{"line":30,"column":14},"end":{"line":32,"column":3}},"line":30},"3":{"name":"(anonymous_3)","decl":{"start":{"line":40,"column":2},"end":{"line":40,"column":3}},"loc":{"start":{"line":40,"column":17},"end":{"line":42,"column":3}},"line":40},"4":{"name":"(anonymous_4)","decl":{"start":{"line":50,"column":2},"end":{"line":50,"column":3}},"loc":{"start":{"line":50,"column":20},"end":{"line":52,"column":3}},"line":50},"5":{"name":"(anonymous_5)","decl":{"start":{"line":60,"column":2},"end":{"line":60,"column":3}},"loc":{"start":{"line":60,"column":24},"end":{"line":62,"column":3}},"line":60},"6":{"name":"(anonymous_6)","decl":{"start":{"line":70,"column":2},"end":{"line":70,"column":3}},"loc":{"start":{"line":70,"column":27},"end":{"line":72,"column":3}},"line":70},"7":{"name":"(anonymous_7)","decl":{"start":{"line":77,"column":2},"end":{"line":77,"column":3}},"loc":{"start":{"line":77,"column":12},"end":{"line":80,"column":3}},"line":77},"8":{"name":"(anonymous_8)","decl":{"start":{"line":79,"column":19},"end":{"line":79,"column":20}},"loc":{"start":{"line":79,"column":29},"end":{"line":79,"column":50}},"line":79}},"branchMap":{"0":{"loc":{"start":{"line":7,"column":19},"end":{"line":7,"column":71}},"type":"binary-expr","locations":[{"start":{"line":7,"column":19},"end":{"line":7,"column":34}},{"start":{"line":7,"column":38},"end":{"line":7,"column":71}}],"line":7},"1":{"loc":{"start":{"line":17,"column":4},"end":{"line":19,"column":5}},"type":"if","locations":[{"start":{"line":17,"column":4},"end":{"line":19,"column":5}},{"start":{"line":17,"column":4},"end":{"line":19,"column":5}}],"line":17},"2":{"loc":{"start":{"line":21,"column":11},"end":{"line":21,"column":25}},"type":"cond-expr","locations":[{"start":{"line":21,"column":19},"end":{"line":21,"column":21}},{"start":{"line":21,"column":24},"end":{"line":21,"column":25}}],"line":21},"3":{"loc":{"start":{"line":61,"column":11},"end":{"line":61,"column":50}},"type":"binary-expr","locations":[{"start":{"line":61,"column":11},"end":{"line":61,"column":30}},{"start":{"line":61,"column":34},"end":{"line":61,"column":50}}],"line":61},"4":{"loc":{"start":{"line":71,"column":11},"end":{"line":71,"column":53}},"type":"binary-expr","locations":[{"start":{"line":71,"column":11},"end":{"line":71,"column":33}},{"start":{"line":71,"column":37},"end":{"line":71,"column":53}}],"line":71}},"s":{"0":8,"1":16,"2":5,"3":11,"4":16,"5":0,"6":0,"7":0,"8":0,"9":0,"10":0,"11":0},"f":{"0":8,"1":16,"2":16,"3":0,"4":0,"5":0,"6":0,"7":0,"8":0},"b":{"0":[8,8],"1":[5,11],"2":[0,11],"3":[0,0],"4":[0,0]},"_coverageSchema":"332fd63041d2c1bcb487cc26dd0d5f7d97098a6c","hash":"201ed736ae8d36900a7058a6fb02f558b2e904c4"}
,"/mnt/c/Users/gbkim/Documents/daily-algo/src/linked-list/LinkNode.js": {"path":"/mnt/c/Users/gbkim/Documents/daily-algo/src/linked-list/LinkNode.js","statementMap":{"0":{"start":{"line":3,"column":4},"end":{"line":3,"column":23}},"1":{"start":{"line":4,"column":4},"end":{"line":4,"column":21}},"2":{"start":{"line":8,"column":4},"end":{"line":8,"column":61}}},"fnMap":{"0":{"name":"(anonymous_0)","decl":{"start":{"line":2,"column":2},"end":{"line":2,"column":3}},"loc":{"start":{"line":2,"column":34},"end":{"line":5,"column":3}},"line":2},"1":{"name":"(anonymous_1)","decl":{"start":{"line":7,"column":2},"end":{"line":7,"column":3}},"loc":{"start":{"line":7,"column":21},"end":{"line":9,"column":3}},"line":7}},"branchMap":{"0":{"loc":{"start":{"line":2,"column":21},"end":{"line":2,"column":32}},"type":"default-arg","locations":[{"start":{"line":2,"column":28},"end":{"line":2,"column":32}}],"line":2},"1":{"loc":{"start":{"line":8,"column":11},"end":{"line":8,"column":60}},"type":"cond-expr","locations":[{"start":{"line":8,"column":22},"end":{"line":8,"column":42}},{"start":{"line":8,"column":45},"end":{"line":8,"column":60}}],"line":8}},"s":{"0":34,"1":34,"2":1},"f":{"0":34,"1":1},"b":{"0":[33],"1":[0,1]},"_coverageSchema":"332fd63041d2c1bcb487cc26dd0d5f7d97098a6c","hash":"b458c25711aed5d6727445c1be5b4babb3caee94"}
,"/mnt/c/Users/gbkim/Documents/daily-algo/src/linked-list/LinkedList.js": {"path":"/mnt/c/Users/gbkim/Documents/daily-algo/src/linked-list/LinkedList.js","statementMap":{"0":{"start":{"line":6,"column":4},"end":{"line":6,"column":21}},"1":{"start":{"line":7,"column":4},"end":{"line":7,"column":21}},"2":{"start":{"line":9,"column":4},"end":{"line":9,"column":54}},"3":{"start":{"line":17,"column":14},"end":{"line":17,"column":33}},"4":{"start":{"line":18,"column":4},"end":{"line":24,"column":5}},"5":{"start":{"line":19,"column":6},"end":{"line":19,"column":20}},"6":{"start":{"line":20,"column":6},"end":{"line":20,"column":20}},"7":{"start":{"line":22,"column":6},"end":{"line":22,"column":25}},"8":{"start":{"line":23,"column":6},"end":{"line":23,"column":20}},"9":{"start":{"line":26,"column":4},"end":{"line":26,"column":16}},"10":{"start":{"line":30,"column":14},"end":{"line":30,"column":44}},"11":{"start":{"line":31,"column":4},"end":{"line":35,"column":5}},"12":{"start":{"line":32,"column":6},"end":{"line":32,"column":25}},"13":{"start":{"line":34,"column":6},"end":{"line":34,"column":20}},"14":{"start":{"line":37,"column":4},"end":{"line":37,"column":16}},"15":{"start":{"line":41,"column":4},"end":{"line":41,"column":68}},"16":{"start":{"line":41,"column":35},"end":{"line":41,"column":55}},"17":{"start":{"line":48,"column":18},"end":{"line":48,"column":20}},"18":{"start":{"line":49,"column":22},"end":{"line":49,"column":31}},"19":{"start":{"line":50,"column":4},"end":{"line":53,"column":5}},"20":{"start":{"line":51,"column":6},"end":{"line":51,"column":30}},"21":{"start":{"line":52,"column":6},"end":{"line":52,"column":37}},"22":{"start":{"line":55,"column":4},"end":{"line":55,"column":17}},"23":{"start":{"line":64,"column":4},"end":{"line":66,"column":5}},"24":{"start":{"line":65,"column":6},"end":{"line":65,"column":18}},"25":{"start":{"line":67,"column":21},"end":{"line":67,"column":30}},"26":{"start":{"line":69,"column":4},"end":{"line":85,"column":5}},"27":{"start":{"line":70,"column":6},"end":{"line":82,"column":7}},"28":{"start":{"line":71,"column":8},"end":{"line":71,"column":35}},"29":{"start":{"line":72,"column":8},"end":{"line":72,"column":14}},"30":{"start":{"line":73,"column":13},"end":{"line":82,"column":7}},"31":{"start":{"line":74,"column":20},"end":{"line":74,"column":35}},"32":{"start":{"line":75,"column":8},"end":{"line":79,"column":9}},"33":{"start":{"line":76,"column":10},"end":{"line":76,"column":33}},"34":{"start":{"line":78,"column":10},"end":{"line":78,"column":49}},"35":{"start":{"line":80,"column":8},"end":{"line":80,"column":25}},"36":{"start":{"line":81,"column":8},"end":{"line":81,"column":14}},"37":{"start":{"line":84,"column":6},"end":{"line":84,"column":35}},"38":{"start":{"line":87,"column":4},"end":{"line":87,"column":22}},"39":{"start":{"line":91,"column":21},"end":{"line":91,"column":23}},"40":{"start":{"line":92,"column":4},"end":{"line":92,"column":56}},"41":{"start":{"line":92,"column":32},"end":{"line":92,"column":54}},"42":{"start":{"line":93,"column":4},"end":{"line":93,"column":20}}},"fnMap":{"0":{"name":"(anonymous_0)","decl":{"start":{"line":5,"column":2},"end":{"line":5,"column":3}},"loc":{"start":{"line":5,"column":34},"end":{"line":10,"column":3}},"line":5},"1":{"name":"(anonymous_1)","decl":{"start":{"line":16,"column":2},"end":{"line":16,"column":3}},"loc":{"start":{"line":16,"column":16},"end":{"line":27,"column":3}},"line":16},"2":{"name":"(anonymous_2)","decl":{"start":{"line":29,"column":2},"end":{"line":29,"column":3}},"loc":{"start":{"line":29,"column":17},"end":{"line":38,"column":3}},"line":29},"3":{"name":"(anonymous_3)","decl":{"start":{"line":40,"column":2},"end":{"line":40,"column":3}},"loc":{"start":{"line":40,"column":21},"end":{"line":42,"column":3}},"line":40},"4":{"name":"(anonymous_4)","decl":{"start":{"line":41,"column":30},"end":{"line":41,"column":31}},"loc":{"start":{"line":41,"column":35},"end":{"line":41,"column":55}},"line":41},"5":{"name":"(anonymous_5)","decl":{"start":{"line":47,"column":2},"end":{"line":47,"column":3}},"loc":{"start":{"line":47,"column":12},"end":{"line":56,"column":3}},"line":47},"6":{"name":"(anonymous_6)","decl":{"start":{"line":63,"column":2},"end":{"line":63,"column":3}},"loc":{"start":{"line":63,"column":16},"end":{"line":88,"column":3}},"line":63},"7":{"name":"(anonymous_7)","decl":{"start":{"line":90,"column":2},"end":{"line":90,"column":3}},"loc":{"start":{"line":90,"column":11},"end":{"line":94,"column":3}},"line":90},"8":{"name":"(anonymous_8)","decl":{"start":{"line":92,"column":27},"end":{"line":92,"column":28}},"loc":{"start":{"line":92,"column":32},"end":{"line":92,"column":54}},"line":92}},"branchMap":{"0":{"loc":{"start":{"line":18,"column":4},"end":{"line":24,"column":5}},"type":"if","locations":[{"start":{"line":18,"column":4},"end":{"line":24,"column":5}},{"start":{"line":18,"column":4},"end":{"line":24,"column":5}}],"line":18},"1":{"loc":{"start":{"line":31,"column":4},"end":{"line":35,"column":5}},"type":"if","locations":[{"start":{"line":31,"column":4},"end":{"line":35,"column":5}},{"start":{"line":31,"column":4},"end":{"line":35,"column":5}}],"line":31},"2":{"loc":{"start":{"line":64,"column":4},"end":{"line":66,"column":5}},"type":"if","locations":[{"start":{"line":64,"column":4},"end":{"line":66,"column":5}},{"start":{"line":64,"column":4},"end":{"line":66,"column":5}}],"line":64},"3":{"loc":{"start":{"line":70,"column":6},"end":{"line":82,"column":7}},"type":"if","locations":[{"start":{"line":70,"column":6},"end":{"line":82,"column":7}},{"start":{"line":70,"column":6},"end":{"line":82,"column":7}}],"line":70},"4":{"loc":{"start":{"line":70,"column":10},"end":{"line":70,"column":81}},"type":"binary-expr","locations":[{"start":{"line":70,"column":10},"end":{"line":70,"column":34}},{"start":{"line":70,"column":38},"end":{"line":70,"column":81}}],"line":70},"5":{"loc":{"start":{"line":73,"column":13},"end":{"line":82,"column":7}},"type":"if","locations":[{"start":{"line":73,"column":13},"end":{"line":82,"column":7}},{"start":{"line":73,"column":13},"end":{"line":82,"column":7}}],"line":73},"6":{"loc":{"start":{"line":75,"column":8},"end":{"line":79,"column":9}},"type":"if","locations":[{"start":{"line":75,"column":8},"end":{"line":79,"column":9}},{"start":{"line":75,"column":8},"end":{"line":79,"column":9}}],"line":75}},"s":{"0":8,"1":8,"2":8,"3":33,"4":33,"5":7,"6":7,"7":26,"8":26,"9":33,"10":1,"11":1,"12":0,"13":1,"14":1,"15":2,"16":1,"17":9,"18":9,"19":9,"20":30,"21":30,"22":9,"23":5,"24":0,"25":5,"26":5,"27":12,"28":1,"29":1,"30":11,"31":4,"32":4,"33":1,"34":3,"35":4,"36":4,"37":7,"38":5,"39":5,"40":5,"41":26,"42":5},"f":{"0":8,"1":33,"2":1,"3":2,"4":1,"5":9,"6":5,"7":5,"8":26},"b":{"0":[7,26],"1":[0,1],"2":[0,5],"3":[1,11],"4":[12,5],"5":[4,7],"6":[1,3]},"_coverageSchema":"332fd63041d2c1bcb487cc26dd0d5f7d97098a6c","hash":"aac77b2b3cca2adfb9c13de21484aba729e63710"}
}
