TN:
SF:/mnt/c/Users/gbkim/Documents/daily-algo/src/Comparator.js
FN:6,(anonymous_0)
FN:16,(anonymous_1)
FN:30,(anonymous_2)
FN:40,(anonymous_3)
FN:50,(anonymous_4)
FN:60,(anonymous_5)
FN:70,(anonymous_6)
FN:77,(anonymous_7)
FN:79,(anonymous_8)
FNF:9
FNH:3
FNDA:25,(anonymous_0)
FNDA:34,(anonymous_1)
FNDA:34,(anonymous_2)
FNDA:0,(anonymous_3)
FNDA:0,(anonymous_4)
FNDA:0,(anonymous_5)
FNDA:0,(anonymous_6)
FNDA:0,(anonymous_7)
FNDA:0,(anonymous_8)
DA:7,25
DA:17,34
DA:18,11
DA:21,23
DA:31,34
DA:41,0
DA:51,0
DA:61,0
DA:71,0
DA:78,0
DA:79,0
LF:11
LH:5
BRDA:7,0,0,25
BRDA:7,0,1,25
BRDA:17,1,0,11
BRDA:17,1,1,23
BRDA:21,2,0,12
BRDA:21,2,1,11
BRDA:61,3,0,0
BRDA:61,3,1,0
BRDA:71,4,0,0
BRDA:71,4,1,0
BRF:10
BRH:6
end_of_record
TN:
SF:/mnt/c/Users/gbkim/Documents/daily-algo/src/dlinked-list/DLinkNode.js
FN:2,(anonymous_0)
FN:8,(anonymous_1)
FNF:2
FNH:1
FNDA:59,(anonymous_0)
FNDA:0,(anonymous_1)
DA:3,59
DA:4,59
DA:5,59
DA:9,0
LF:4
LH:3
BRDA:2,0,0,2
BRDA:2,1,0,2
BRDA:9,2,0,0
BRDA:9,2,1,0
BRF:4
BRH:2
end_of_record
TN:
SF:/mnt/c/Users/gbkim/Documents/daily-algo/src/dlinked-list/DLinkedList.js
FN:9,(anonymous_0)
FN:15,(anonymous_1)
FN:36,(anonymous_2)
FN:55,(anonymous_3)
FN:81,(anonymous_4)
FN:101,(anonymous_5)
FN:115,(anonymous_6)
FN:161,(anonymous_7)
FNF:8
FNH:8
FNDA:11,(anonymous_0)
FNDA:1,(anonymous_1)
FNDA:2,(anonymous_2)
FNDA:1,(anonymous_3)
FNDA:2,(anonymous_4)
FNDA:49,(anonymous_5)
FNDA:4,(anonymous_6)
FNDA:14,(anonymous_7)
DA:10,11
DA:11,11
DA:12,11
DA:16,1
DA:17,1
DA:19,1
DA:20,1
DA:23,1
DA:24,1
DA:25,1
DA:26,1
DA:27,1
DA:28,1
DA:29,1
DA:31,1
DA:32,1
DA:33,1
DA:37,2
DA:38,2
DA:39,2
DA:40,6
DA:41,1
DA:43,5
DA:44,1
DA:46,4
DA:49,0
DA:58,1
DA:62,1
DA:63,1
DA:64,5
DA:65,5
DA:66,5
DA:67,5
DA:68,5
DA:70,1
DA:71,1
DA:72,1
DA:73,1
DA:82,2
DA:84,2
DA:85,1
DA:86,1
DA:87,1
DA:90,1
DA:91,1
DA:92,1
DA:93,1
DA:94,1
DA:102,49
DA:104,49
DA:105,10
DA:106,10
DA:107,10
DA:109,39
DA:110,39
DA:111,39
DA:112,39
DA:117,4
DA:118,4
DA:119,4
DA:120,10
DA:122,4
DA:123,2
DA:125,1
DA:126,1
DA:127,1
DA:132,1
DA:133,1
DA:134,1
DA:138,2
DA:139,1
DA:140,1
DA:141,1
DA:142,1
DA:146,1
DA:147,1
DA:148,1
DA:149,1
DA:150,1
DA:151,1
DA:155,6
DA:158,0
DA:162,14
DA:163,14
DA:164,14
DA:165,59
DA:166,59
DA:168,14
LF:88
LH:86
BRDA:16,0,0,0
BRDA:16,0,1,1
BRDA:17,1,0,0
BRDA:17,1,1,1
BRDA:36,2,0,1
BRDA:36,3,0,1
BRDA:37,4,0,0
BRDA:37,4,1,2
BRDA:40,5,0,1
BRDA:40,5,1,5
BRDA:40,6,0,6
BRDA:40,6,1,3
BRDA:43,7,0,1
BRDA:43,7,1,4
BRDA:43,8,0,5
BRDA:43,8,1,3
BRDA:58,9,0,0
BRDA:58,9,1,1
BRDA:58,10,0,1
BRDA:58,10,1,1
BRDA:84,11,0,1
BRDA:84,11,1,1
BRDA:104,12,0,10
BRDA:104,12,1,39
BRDA:117,13,0,0
BRDA:117,13,1,4
BRDA:120,14,0,4
BRDA:120,14,1,6
BRDA:122,15,0,2
BRDA:122,15,1,2
BRDA:122,16,0,4
BRDA:122,16,1,4
BRDA:123,17,0,1
BRDA:123,17,1,1
BRDA:138,18,0,1
BRDA:138,18,1,1
BRDA:138,19,0,2
BRDA:138,19,1,2
BRDA:146,20,0,1
BRDA:146,20,1,0
BRDA:146,21,0,1
BRDA:146,21,1,1
BRF:42
BRH:36
end_of_record
TN:
SF:/mnt/c/Users/gbkim/Documents/daily-algo/src/linked-list/LinkNode.js
FN:2,(anonymous_0)
FN:7,(anonymous_1)
FNF:2
FNH:2
FNDA:71,(anonymous_0)
FNDA:1,(anonymous_1)
DA:3,71
DA:4,71
DA:8,1
LF:3
LH:3
BRDA:2,0,0,70
BRDA:8,1,0,0
BRDA:8,1,1,1
BRF:3
BRH:2
end_of_record
TN:
SF:/mnt/c/Users/gbkim/Documents/daily-algo/src/linked-list/LinkedList.js
FN:5,(anonymous_0)
FN:16,(anonymous_1)
FN:33,(anonymous_2)
FN:46,(anonymous_3)
FN:59,(anonymous_4)
FN:60,(anonymous_5)
FN:63,(anonymous_6)
FN:98,(anonymous_7)
FN:109,(anonymous_8)
FN:110,(anonymous_9)
FN:114,(anonymous_10)
FN:133,(anonymous_11)
FN:151,(anonymous_12)
FN:178,(anonymous_13)
FN:197,(anonymous_14)
FN:199,(anonymous_15)
FNF:16
FNH:16
FNDA:14,(anonymous_0)
FNDA:70,(anonymous_1)
FNDA:1,(anonymous_2)
FNDA:1,(anonymous_3)
FNDA:2,(anonymous_4)
FNDA:1,(anonymous_5)
FNDA:1,(anonymous_6)
FNDA:12,(anonymous_7)
FNDA:4,(anonymous_8)
FNDA:24,(anonymous_9)
FNDA:1,(anonymous_10)
FNDA:1,(anonymous_11)
FNDA:5,(anonymous_12)
FNDA:2,(anonymous_13)
FNDA:7,(anonymous_14)
FNDA:37,(anonymous_15)
DA:6,14
DA:7,14
DA:9,14
DA:17,70
DA:18,70
DA:19,13
DA:20,13
DA:22,57
DA:23,57
DA:26,70
DA:34,1
DA:35,1
DA:36,0
DA:38,1
DA:40,1
DA:47,1
DA:48,1
DA:50,1
DA:51,5
DA:52,1
DA:54,4
DA:56,1
DA:60,2
DA:68,1
DA:69,1
DA:71,1
DA:73,1
DA:74,6
DA:75,6
DA:76,6
DA:77,6
DA:89,1
DA:90,1
DA:92,1
DA:99,12
DA:100,12
DA:101,12
DA:102,46
DA:103,46
DA:106,12
DA:110,24
DA:111,4
DA:115,1
DA:116,1
DA:117,1
DA:118,1
DA:120,5
DA:122,1
DA:124,1
DA:125,1
DA:126,1
DA:128,4
DA:130,0
DA:134,1
DA:136,1
DA:137,1
DA:138,1
DA:140,0
DA:141,0
DA:143,1
DA:152,5
DA:153,0
DA:155,5
DA:157,5
DA:158,12
DA:159,1
DA:160,1
DA:161,11
DA:162,4
DA:163,4
DA:164,1
DA:166,3
DA:168,4
DA:169,4
DA:172,7
DA:175,5
DA:179,2
DA:180,2
DA:182,2
DA:183,10
DA:184,1
DA:187,9
DA:188,1
DA:191,8
DA:194,0
DA:198,7
DA:199,37
DA:200,7
LF:88
LH:82
BRDA:18,0,0,13
BRDA:18,0,1,57
BRDA:35,1,0,0
BRDA:35,1,1,1
BRDA:47,2,0,0
BRDA:47,2,1,1
BRDA:51,3,0,1
BRDA:51,3,1,4
BRDA:115,4,0,0
BRDA:115,4,1,1
BRDA:120,5,0,1
BRDA:120,5,1,4
BRDA:134,6,0,0
BRDA:134,6,1,1
BRDA:137,7,0,1
BRDA:137,7,1,0
BRDA:152,8,0,0
BRDA:152,8,1,5
BRDA:158,9,0,1
BRDA:158,9,1,11
BRDA:158,10,0,12
BRDA:158,10,1,5
BRDA:161,11,0,4
BRDA:161,11,1,7
BRDA:163,12,0,1
BRDA:163,12,1,3
BRDA:178,13,0,1
BRDA:178,14,0,1
BRDA:179,15,0,0
BRDA:179,15,1,2
BRDA:183,16,0,1
BRDA:183,16,1,9
BRDA:183,17,0,10
BRDA:183,17,1,5
BRDA:187,18,0,1
BRDA:187,18,1,8
BRDA:187,19,0,9
BRDA:187,19,1,5
BRF:38
BRH:31
end_of_record
