TN:
SF:/mnt/c/Users/gbkim/Documents/daily-algo/src/Comparator.js
FN:6,(anonymous_0)
FN:16,(anonymous_1)
FN:30,(anonymous_2)
FN:40,(anonymous_3)
FN:50,(anonymous_4)
FN:60,(anonymous_5)
FN:70,(anonymous_6)
FN:77,(anonymous_7)
FN:79,(anonymous_8)
FNF:9
FNH:3
FNDA:8,(anonymous_0)
FNDA:16,(anonymous_1)
FNDA:16,(anonymous_2)
FNDA:0,(anonymous_3)
FNDA:0,(anonymous_4)
FNDA:0,(anonymous_5)
FNDA:0,(anonymous_6)
FNDA:0,(anonymous_7)
FNDA:0,(anonymous_8)
DA:7,8
DA:17,16
DA:18,5
DA:21,11
DA:31,16
DA:41,0
DA:51,0
DA:61,0
DA:71,0
DA:78,0
DA:79,0
LF:11
LH:5
BRDA:7,0,0,8
BRDA:7,0,1,8
BRDA:17,1,0,5
BRDA:17,1,1,11
BRDA:21,2,0,0
BRDA:21,2,1,11
BRDA:61,3,0,0
BRDA:61,3,1,0
BRDA:71,4,0,0
BRDA:71,4,1,0
BRF:10
BRH:5
end_of_record
TN:
SF:/mnt/c/Users/gbkim/Documents/daily-algo/src/linked-list/LinkNode.js
FN:2,(anonymous_0)
FN:7,(anonymous_1)
FNF:2
FNH:2
FNDA:34,(anonymous_0)
FNDA:1,(anonymous_1)
DA:3,34
DA:4,34
DA:8,1
LF:3
LH:3
BRDA:2,0,0,33
BRDA:8,1,0,0
BRDA:8,1,1,1
BRF:3
BRH:2
end_of_record
TN:
SF:/mnt/c/Users/gbkim/Documents/daily-algo/src/linked-list/LinkedList.js
FN:5,(anonymous_0)
FN:16,(anonymous_1)
FN:29,(anonymous_2)
FN:40,(anonymous_3)
FN:41,(anonymous_4)
FN:47,(anonymous_5)
FN:63,(anonymous_6)
FN:90,(anonymous_7)
FN:92,(anonymous_8)
FNF:9
FNH:9
FNDA:8,(anonymous_0)
FNDA:33,(anonymous_1)
FNDA:1,(anonymous_2)
FNDA:2,(anonymous_3)
FNDA:1,(anonymous_4)
FNDA:9,(anonymous_5)
FNDA:5,(anonymous_6)
FNDA:5,(anonymous_7)
FNDA:26,(anonymous_8)
DA:6,8
DA:7,8
DA:9,8
DA:17,33
DA:18,33
DA:19,7
DA:20,7
DA:22,26
DA:23,26
DA:26,33
DA:30,1
DA:31,1
DA:32,0
DA:34,1
DA:37,1
DA:41,2
DA:48,9
DA:49,9
DA:50,9
DA:51,30
DA:52,30
DA:55,9
DA:64,5
DA:65,0
DA:67,5
DA:69,5
DA:70,12
DA:71,1
DA:72,1
DA:73,11
DA:74,4
DA:75,4
DA:76,1
DA:78,3
DA:80,4
DA:81,4
DA:84,7
DA:87,5
DA:91,5
DA:92,26
DA:93,5
LF:41
LH:39
BRDA:18,0,0,7
BRDA:18,0,1,26
BRDA:31,1,0,0
BRDA:31,1,1,1
BRDA:64,2,0,0
BRDA:64,2,1,5
BRDA:70,3,0,1
BRDA:70,3,1,11
BRDA:70,4,0,12
BRDA:70,4,1,5
BRDA:73,5,0,4
BRDA:73,5,1,7
BRDA:75,6,0,1
BRDA:75,6,1,3
BRF:14
BRH:12
end_of_record
